info it worked if it ends with ok
verbose cli [ 'node', '/usr/bin/npm', 'install', '-g' ]
info using npm@1.1.4
info using node@v0.6.12
verbose config file /home/anam/.npmrc
verbose config file /usr/etc/npmrc
verbose config file /usr/share/npm/npmrc
silly exec /usr/bin/node "/usr/share/npm/bin/npm-get-uid-gid.js" "nobody" 1000
silly spawning [ '/usr/bin/node',
silly spawning   [ '/usr/share/npm/bin/npm-get-uid-gid.js', 'nobody', 1000 ],
silly spawning   null ]
silly output from getuid/gid {"uid":65534,"gid":1000}
silly output from getuid/gid 
verbose cache add [ '.', null ]
silly cache add: name, spec, args [ undefined, '.', [ '.', null ] ]
verbose parsed url { pathname: '.', path: '.', href: '.' }
verbose caching package.json
verbose loadDefaults expressjs-static-boilerplate@0.0.1
verbose pack /home/anam/Documents/subah sham
verbose pack /home/anam/Documents/subah sham /tmp/npm-1426239125449/1426239125449-0.6290830299258232/tmp.tgz
silly makeList /home/anam/Documents/subah sham
silly dir, dirLen [ '/home/anam/Documents/subah sham', 32 ]
verbose tarball /tmp/npm-1426239125449/1426239125449-0.6290830299258232/tmp.tgz
verbose parent /home/anam/Documents/subah sham
verbose mkdir (expected) error ENOENT, no such file or directory '/home/anam/.npm'
verbose mkdir done: /home/anam/.npm 755
verbose mkdir (expected) error ENOENT, no such file or directory '/tmp/npm-1426239125449/1426239125449-0.6290830299258232/___package.npm'
verbose mkdir done: /tmp/npm-1426239125449/1426239125449-0.6290830299258232/___package.npm 755
verbose unpack_ uid, gid [ 1000, 1000 ]
verbose unpackTarget /tmp/npm-1426239125449/1426239125449-0.6290830299258232/package
silly gunzTarPerm modes [ '755', '644' ]
silly afterUntar ok
silly asyncMap in gTP /tmp/npm-1426239125449/1426239125449-0.6290830299258232/___package.npm/subah sham
silly asyncMap in gTP /tmp/npm-1426239125449/1426239125449-0.6290830299258232/___package.npm/subah sham/server.js
silly asyncMap in gTP /tmp/npm-1426239125449/1426239125449-0.6290830299258232/___package.npm/subah sham/index.html
silly asyncMap in gTP /tmp/npm-1426239125449/1426239125449-0.6290830299258232/___package.npm/subah sham/Gruntfile.js
silly asyncMap in gTP /tmp/npm-1426239125449/1426239125449-0.6290830299258232/___package.npm/subah sham/README.md
silly asyncMap in gTP /tmp/npm-1426239125449/1426239125449-0.6290830299258232/___package.npm/subah sham/LICENSE
silly asyncMap in gTP /tmp/npm-1426239125449/1426239125449-0.6290830299258232/___package.npm/subah sham/package.json
silly asyncMap in gTP /tmp/npm-1426239125449/1426239125449-0.6290830299258232/___package.npm/subah sham/less
silly asyncMap in gTP /tmp/npm-1426239125449/1426239125449-0.6290830299258232/___package.npm/subah sham/less/mixins.less
silly asyncMap in gTP /tmp/npm-1426239125449/1426239125449-0.6290830299258232/___package.npm/subah sham/less/variables.less
silly asyncMap in gTP /tmp/npm-1426239125449/1426239125449-0.6290830299258232/___package.npm/subah sham/less/freelancer.less
silly asyncMap in gTP /tmp/npm-1426239125449/1426239125449-0.6290830299258232/___package.npm/subah sham/mail
silly asyncMap in gTP /tmp/npm-1426239125449/1426239125449-0.6290830299258232/___package.npm/subah sham/mail/contact_me.php
silly asyncMap in gTP /tmp/npm-1426239125449/1426239125449-0.6290830299258232/___package.npm/subah sham/css
silly asyncMap in gTP /tmp/npm-1426239125449/1426239125449-0.6290830299258232/___package.npm/subah sham/css/css_paper.css
silly asyncMap in gTP /tmp/npm-1426239125449/1426239125449-0.6290830299258232/___package.npm/subah sham/css/freelancer.css
silly asyncMap in gTP /tmp/npm-1426239125449/1426239125449-0.6290830299258232/___package.npm/subah sham/css/bootstrap.min.css
silly asyncMap in gTP /tmp/npm-1426239125449/1426239125449-0.6290830299258232/___package.npm/subah sham/css/bootstrap.css
silly asyncMap in gTP /tmp/npm-1426239125449/1426239125449-0.6290830299258232/___package.npm/subah sham/css/css.css
silly asyncMap in gTP /tmp/npm-1426239125449/1426239125449-0.6290830299258232/___package.npm/subah sham/css/css-paper1.css
silly asyncMap in gTP /tmp/npm-1426239125449/1426239125449-0.6290830299258232/___package.npm/subah sham/css/paper1-css.css
silly asyncMap in gTP /tmp/npm-1426239125449/1426239125449-0.6290830299258232/___package.npm/subah sham/fonts
silly asyncMap in gTP /tmp/npm-1426239125449/1426239125449-0.6290830299258232/___package.npm/subah sham/fonts/glyphicons-halflings-regular.woff
silly asyncMap in gTP /tmp/npm-1426239125449/1426239125449-0.6290830299258232/___package.npm/subah sham/fonts/glyphicons-halflings-regular.ttf
silly asyncMap in gTP /tmp/npm-1426239125449/1426239125449-0.6290830299258232/___package.npm/subah sham/fonts/glyphicons-halflings-regular.eot
silly asyncMap in gTP /tmp/npm-1426239125449/1426239125449-0.6290830299258232/___package.npm/subah sham/fonts/glyphicons-halflings-regular.svg
silly asyncMap in gTP /tmp/npm-1426239125449/1426239125449-0.6290830299258232/___package.npm/subah sham/fonts/glyphicons-halflings-regular.woff2
silly asyncMap in gTP /tmp/npm-1426239125449/1426239125449-0.6290830299258232/___package.npm/subah sham/js
silly asyncMap in gTP /tmp/npm-1426239125449/1426239125449-0.6290830299258232/___package.npm/subah sham/js/cbpAnimatedHeader.js
silly asyncMap in gTP /tmp/npm-1426239125449/1426239125449-0.6290830299258232/___package.npm/subah sham/js/jqBootstrapValidation.js
silly asyncMap in gTP /tmp/npm-1426239125449/1426239125449-0.6290830299258232/___package.npm/subah sham/js/jquery.easing.min.js
silly asyncMap in gTP /tmp/npm-1426239125449/1426239125449-0.6290830299258232/___package.npm/subah sham/js/freelancer.js
silly asyncMap in gTP /tmp/npm-1426239125449/1426239125449-0.6290830299258232/___package.npm/subah sham/js/angular.js
silly asyncMap in gTP /tmp/npm-1426239125449/1426239125449-0.6290830299258232/___package.npm/subah sham/js/bootstrap.min.js
silly asyncMap in gTP /tmp/npm-1426239125449/1426239125449-0.6290830299258232/___package.npm/subah sham/js/cbpAnimatedHeader.min.js
silly asyncMap in gTP /tmp/npm-1426239125449/1426239125449-0.6290830299258232/___package.npm/subah sham/js/contact_me.js
silly asyncMap in gTP /tmp/npm-1426239125449/1426239125449-0.6290830299258232/___package.npm/subah sham/js/classie.js
silly asyncMap in gTP /tmp/npm-1426239125449/1426239125449-0.6290830299258232/___package.npm/subah sham/js/ui-bootstrap-tpls-0.12.1.js
silly asyncMap in gTP /tmp/npm-1426239125449/1426239125449-0.6290830299258232/___package.npm/subah sham/js/bootstrap.js
silly asyncMap in gTP /tmp/npm-1426239125449/1426239125449-0.6290830299258232/___package.npm/subah sham/js/jquery.js
silly asyncMap in gTP /tmp/npm-1426239125449/1426239125449-0.6290830299258232/___package.npm/subah sham/views
silly asyncMap in gTP /tmp/npm-1426239125449/1426239125449-0.6290830299258232/___package.npm/subah sham/views/index.html
silly asyncMap in gTP /tmp/npm-1426239125449/1426239125449-0.6290830299258232/___package.npm/subah sham/public
silly asyncMap in gTP /tmp/npm-1426239125449/1426239125449-0.6290830299258232/___package.npm/subah sham/public/javascripts
silly asyncMap in gTP /tmp/npm-1426239125449/1426239125449-0.6290830299258232/___package.npm/subah sham/public/javascripts/app.js
silly asyncMap in gTP /tmp/npm-1426239125449/1426239125449-0.6290830299258232/___package.npm/subah sham/public/javascripts/app.min.js
silly asyncMap in gTP /tmp/npm-1426239125449/1426239125449-0.6290830299258232/___package.npm/subah sham/public/stylesheets
silly asyncMap in gTP /tmp/npm-1426239125449/1426239125449-0.6290830299258232/___package.npm/subah sham/public/stylesheets/app.min.css
silly asyncMap in gTP /tmp/npm-1426239125449/1426239125449-0.6290830299258232/___package.npm/subah sham/public/stylesheets/app.css
silly asyncMap in gTP /tmp/npm-1426239125449/1426239125449-0.6290830299258232/___package.npm/subah sham/public/stylesheets/normalize.min.css
silly asyncMap in gTP /tmp/npm-1426239125449/1426239125449-0.6290830299258232/___package.npm/subah sham/img
silly asyncMap in gTP /tmp/npm-1426239125449/1426239125449-0.6290830299258232/___package.npm/subah sham/img/profile.png
silly asyncMap in gTP /tmp/npm-1426239125449/1426239125449-0.6290830299258232/___package.npm/subah sham/img/paper-img
silly asyncMap in gTP /tmp/npm-1426239125449/1426239125449-0.6290830299258232/___package.npm/subah sham/img/paper-img/p-7-1.jpg
silly asyncMap in gTP /tmp/npm-1426239125449/1426239125449-0.6290830299258232/___package.npm/subah sham/img/paper-img/p-2-1.jpg
silly asyncMap in gTP /tmp/npm-1426239125449/1426239125449-0.6290830299258232/___package.npm/subah sham/img/paper-img/p-3-1.jpg
silly asyncMap in gTP /tmp/npm-1426239125449/1426239125449-0.6290830299258232/___package.npm/subah sham/img/paper-img/p-4-1.jpg
silly asyncMap in gTP /tmp/npm-1426239125449/1426239125449-0.6290830299258232/___package.npm/subah sham/img/paper-img/p-5-1.jpg
silly asyncMap in gTP /tmp/npm-1426239125449/1426239125449-0.6290830299258232/___package.npm/subah sham/img/paper-img/p-1-1.jpg
silly asyncMap in gTP /tmp/npm-1426239125449/1426239125449-0.6290830299258232/___package.npm/subah sham/img/portfolio
silly asyncMap in gTP /tmp/npm-1426239125449/1426239125449-0.6290830299258232/___package.npm/subah sham/img/portfolio/safe.png
silly asyncMap in gTP /tmp/npm-1426239125449/1426239125449-0.6290830299258232/___package.npm/subah sham/img/portfolio/cake.png
silly asyncMap in gTP /tmp/npm-1426239125449/1426239125449-0.6290830299258232/___package.npm/subah sham/img/portfolio/cabin.png
silly asyncMap in gTP /tmp/npm-1426239125449/1426239125449-0.6290830299258232/___package.npm/subah sham/img/portfolio/circus.png
silly asyncMap in gTP /tmp/npm-1426239125449/1426239125449-0.6290830299258232/___package.npm/subah sham/img/portfolio/submarine.png
silly asyncMap in gTP /tmp/npm-1426239125449/1426239125449-0.6290830299258232/___package.npm/subah sham/img/portfolio/game.png
silly asyncMap in gTP /tmp/npm-1426239125449/1426239125449-0.6290830299258232/___package.npm/subah sham/font-awesome
silly asyncMap in gTP /tmp/npm-1426239125449/1426239125449-0.6290830299258232/___package.npm/subah sham/font-awesome/less
silly asyncMap in gTP /tmp/npm-1426239125449/1426239125449-0.6290830299258232/___package.npm/subah sham/font-awesome/less/mixins.less
silly asyncMap in gTP /tmp/npm-1426239125449/1426239125449-0.6290830299258232/___package.npm/subah sham/font-awesome/less/core.less
silly asyncMap in gTP /tmp/npm-1426239125449/1426239125449-0.6290830299258232/___package.npm/subah sham/font-awesome/less/list.less
silly asyncMap in gTP /tmp/npm-1426239125449/1426239125449-0.6290830299258232/___package.npm/subah sham/font-awesome/less/fixed-width.less
silly asyncMap in gTP /tmp/npm-1426239125449/1426239125449-0.6290830299258232/___package.npm/subah sham/font-awesome/less/variables.less
silly asyncMap in gTP /tmp/npm-1426239125449/1426239125449-0.6290830299258232/___package.npm/subah sham/font-awesome/less/larger.less
silly asyncMap in gTP /tmp/npm-1426239125449/1426239125449-0.6290830299258232/___package.npm/subah sham/font-awesome/less/bordered-pulled.less
silly asyncMap in gTP /tmp/npm-1426239125449/1426239125449-0.6290830299258232/___package.npm/subah sham/font-awesome/less/icons.less
silly asyncMap in gTP /tmp/npm-1426239125449/1426239125449-0.6290830299258232/___package.npm/subah sham/font-awesome/less/font-awesome.less
silly asyncMap in gTP /tmp/npm-1426239125449/1426239125449-0.6290830299258232/___package.npm/subah sham/font-awesome/less/stacked.less
silly asyncMap in gTP /tmp/npm-1426239125449/1426239125449-0.6290830299258232/___package.npm/subah sham/font-awesome/less/spinning.less
silly asyncMap in gTP /tmp/npm-1426239125449/1426239125449-0.6290830299258232/___package.npm/subah sham/font-awesome/less/rotated-flipped.less
silly asyncMap in gTP /tmp/npm-1426239125449/1426239125449-0.6290830299258232/___package.npm/subah sham/font-awesome/less/path.less
silly asyncMap in gTP /tmp/npm-1426239125449/1426239125449-0.6290830299258232/___package.npm/subah sham/font-awesome/css
silly asyncMap in gTP /tmp/npm-1426239125449/1426239125449-0.6290830299258232/___package.npm/subah sham/font-awesome/css/font-awesome.min.css
silly asyncMap in gTP /tmp/npm-1426239125449/1426239125449-0.6290830299258232/___package.npm/subah sham/font-awesome/css/font-awesome.css
silly asyncMap in gTP /tmp/npm-1426239125449/1426239125449-0.6290830299258232/___package.npm/subah sham/font-awesome/fonts
silly asyncMap in gTP /tmp/npm-1426239125449/1426239125449-0.6290830299258232/___package.npm/subah sham/font-awesome/fonts/FontAwesome.otf
silly asyncMap in gTP /tmp/npm-1426239125449/1426239125449-0.6290830299258232/___package.npm/subah sham/font-awesome/fonts/fontawesome-webfont.svg
silly asyncMap in gTP /tmp/npm-1426239125449/1426239125449-0.6290830299258232/___package.npm/subah sham/font-awesome/fonts/fontawesome-webfont.ttf
silly asyncMap in gTP /tmp/npm-1426239125449/1426239125449-0.6290830299258232/___package.npm/subah sham/font-awesome/fonts/fontawesome-webfont.woff
silly asyncMap in gTP /tmp/npm-1426239125449/1426239125449-0.6290830299258232/___package.npm/subah sham/font-awesome/fonts/fontawesome-webfont.eot
silly asyncMap in gTP /tmp/npm-1426239125449/1426239125449-0.6290830299258232/___package.npm/subah sham/font-awesome/scss
silly asyncMap in gTP /tmp/npm-1426239125449/1426239125449-0.6290830299258232/___package.npm/subah sham/font-awesome/scss/_spinning.scss
silly asyncMap in gTP /tmp/npm-1426239125449/1426239125449-0.6290830299258232/___package.npm/subah sham/font-awesome/scss/_bordered-pulled.scss
silly asyncMap in gTP /tmp/npm-1426239125449/1426239125449-0.6290830299258232/___package.npm/subah sham/font-awesome/scss/_path.scss
silly asyncMap in gTP /tmp/npm-1426239125449/1426239125449-0.6290830299258232/___package.npm/subah sham/font-awesome/scss/font-awesome.scss
silly asyncMap in gTP /tmp/npm-1426239125449/1426239125449-0.6290830299258232/___package.npm/subah sham/font-awesome/scss/_variables.scss
silly asyncMap in gTP /tmp/npm-1426239125449/1426239125449-0.6290830299258232/___package.npm/subah sham/font-awesome/scss/_core.scss
silly asyncMap in gTP /tmp/npm-1426239125449/1426239125449-0.6290830299258232/___package.npm/subah sham/font-awesome/scss/_list.scss
silly asyncMap in gTP /tmp/npm-1426239125449/1426239125449-0.6290830299258232/___package.npm/subah sham/font-awesome/scss/_rotated-flipped.scss
silly asyncMap in gTP /tmp/npm-1426239125449/1426239125449-0.6290830299258232/___package.npm/subah sham/font-awesome/scss/_fixed-width.scss
silly asyncMap in gTP /tmp/npm-1426239125449/1426239125449-0.6290830299258232/___package.npm/subah sham/font-awesome/scss/_icons.scss
silly asyncMap in gTP /tmp/npm-1426239125449/1426239125449-0.6290830299258232/___package.npm/subah sham/font-awesome/scss/_stacked.scss
silly asyncMap in gTP /tmp/npm-1426239125449/1426239125449-0.6290830299258232/___package.npm/subah sham/font-awesome/scss/_larger.scss
silly asyncMap in gTP /tmp/npm-1426239125449/1426239125449-0.6290830299258232/___package.npm/subah sham/font-awesome/scss/_mixins.scss
silly chmod server.js 644
silly chmod Gruntfile.js 644
silly chmod README.md 644
silly chmod package.json 644
silly chmod less 755
silly chmod mail 755
silly chmod css 755
silly chmod fonts 755
silly chmod js 755
silly chmod views 755
silly chmod index.html 644
silly chmod public 755
silly chmod javascripts 755
silly chmod app.js 644
silly chmod app.min.js 644
silly chmod stylesheets 755
silly chmod app.min.css 644
silly chmod app.css 644
silly chmod normalize.min.css 644
silly chmod img 755
silly chmod paper-img 755
silly chmod portfolio 755
silly chmod font-awesome 755
silly chmod less 755
silly chmod css 755
silly chmod fonts 755
silly chmod scss 755
verbose gunzed /tmp/npm-1426239125449/1426239125449-0.6290830299258232/___package.npm/subah sham
verbose rm'ed /tmp/npm-1426239125449/1426239125449-0.6290830299258232/package
verbose renamed [ '/tmp/npm-1426239125449/1426239125449-0.6290830299258232/___package.npm/subah sham',
verbose renamed   '/tmp/npm-1426239125449/1426239125449-0.6290830299258232/package' ]
verbose caching /tmp/npm-1426239125449/1426239125449-0.6290830299258232/package/package.json
verbose loadDefaults expressjs-static-boilerplate@0.0.1
verbose tarball contents [ 'package', 'tmp.tgz' ]
verbose from cache /tmp/npm-1426239125449/1426239125449-0.6290830299258232/package/package.json
verbose pack /tmp/npm-1426239125449/1426239125449-0.6290830299258232/package
verbose pack /tmp/npm-1426239125449/1426239125449-0.6290830299258232/package /home/anam/.npm/expressjs-static-boilerplate/0.0.1/package.tgz
silly makeList /tmp/npm-1426239125449/1426239125449-0.6290830299258232/package
silly dir, dirLen [ '/tmp/npm-1426239125449/1426239125449-0.6290830299258232/package',
silly dir, dirLen   64 ]
verbose tarball /home/anam/.npm/expressjs-static-boilerplate/0.0.1/package.tgz
verbose parent /tmp/npm-1426239125449/1426239125449-0.6290830299258232/package
verbose mkdir (expected) error ENOENT, no such file or directory '/home/anam/.npm/expressjs-static-boilerplate/0.0.1/___package.npm'
verbose mkdir done: /home/anam/.npm/expressjs-static-boilerplate/0.0.1/___package.npm 755
verbose unpack_ uid, gid [ 1000, 1000 ]
verbose unpackTarget /home/anam/.npm/expressjs-static-boilerplate/0.0.1/package
silly gunzTarPerm modes [ '755', '644' ]
silly afterUntar ok
silly asyncMap in gTP /home/anam/.npm/expressjs-static-boilerplate/0.0.1/___package.npm/package
silly asyncMap in gTP /home/anam/.npm/expressjs-static-boilerplate/0.0.1/___package.npm/package/index.html
silly asyncMap in gTP /home/anam/.npm/expressjs-static-boilerplate/0.0.1/___package.npm/package/LICENSE
silly asyncMap in gTP /home/anam/.npm/expressjs-static-boilerplate/0.0.1/___package.npm/package/README.md
silly asyncMap in gTP /home/anam/.npm/expressjs-static-boilerplate/0.0.1/___package.npm/package/Gruntfile.js
silly asyncMap in gTP /home/anam/.npm/expressjs-static-boilerplate/0.0.1/___package.npm/package/server.js
silly asyncMap in gTP /home/anam/.npm/expressjs-static-boilerplate/0.0.1/___package.npm/package/package.json
silly asyncMap in gTP /home/anam/.npm/expressjs-static-boilerplate/0.0.1/___package.npm/package/js
silly asyncMap in gTP /home/anam/.npm/expressjs-static-boilerplate/0.0.1/___package.npm/package/js/angular.js
silly asyncMap in gTP /home/anam/.npm/expressjs-static-boilerplate/0.0.1/___package.npm/package/js/jquery.easing.min.js
silly asyncMap in gTP /home/anam/.npm/expressjs-static-boilerplate/0.0.1/___package.npm/package/js/classie.js
silly asyncMap in gTP /home/anam/.npm/expressjs-static-boilerplate/0.0.1/___package.npm/package/js/jqBootstrapValidation.js
silly asyncMap in gTP /home/anam/.npm/expressjs-static-boilerplate/0.0.1/___package.npm/package/js/cbpAnimatedHeader.js
silly asyncMap in gTP /home/anam/.npm/expressjs-static-boilerplate/0.0.1/___package.npm/package/js/jquery.js
silly asyncMap in gTP /home/anam/.npm/expressjs-static-boilerplate/0.0.1/___package.npm/package/js/freelancer.js
silly asyncMap in gTP /home/anam/.npm/expressjs-static-boilerplate/0.0.1/___package.npm/package/js/ui-bootstrap-tpls-0.12.1.js
silly asyncMap in gTP /home/anam/.npm/expressjs-static-boilerplate/0.0.1/___package.npm/package/js/contact_me.js
silly asyncMap in gTP /home/anam/.npm/expressjs-static-boilerplate/0.0.1/___package.npm/package/js/bootstrap.js
silly asyncMap in gTP /home/anam/.npm/expressjs-static-boilerplate/0.0.1/___package.npm/package/js/cbpAnimatedHeader.min.js
silly asyncMap in gTP /home/anam/.npm/expressjs-static-boilerplate/0.0.1/___package.npm/package/js/bootstrap.min.js
silly asyncMap in gTP /home/anam/.npm/expressjs-static-boilerplate/0.0.1/___package.npm/package/css
silly asyncMap in gTP /home/anam/.npm/expressjs-static-boilerplate/0.0.1/___package.npm/package/css/css_paper.css
silly asyncMap in gTP /home/anam/.npm/expressjs-static-boilerplate/0.0.1/___package.npm/package/css/css.css
silly asyncMap in gTP /home/anam/.npm/expressjs-static-boilerplate/0.0.1/___package.npm/package/css/bootstrap.min.css
silly asyncMap in gTP /home/anam/.npm/expressjs-static-boilerplate/0.0.1/___package.npm/package/css/bootstrap.css
silly asyncMap in gTP /home/anam/.npm/expressjs-static-boilerplate/0.0.1/___package.npm/package/css/freelancer.css
silly asyncMap in gTP /home/anam/.npm/expressjs-static-boilerplate/0.0.1/___package.npm/package/css/paper1-css.css
silly asyncMap in gTP /home/anam/.npm/expressjs-static-boilerplate/0.0.1/___package.npm/package/css/css-paper1.css
silly asyncMap in gTP /home/anam/.npm/expressjs-static-boilerplate/0.0.1/___package.npm/package/mail
silly asyncMap in gTP /home/anam/.npm/expressjs-static-boilerplate/0.0.1/___package.npm/package/mail/contact_me.php
silly asyncMap in gTP /home/anam/.npm/expressjs-static-boilerplate/0.0.1/___package.npm/package/fonts
silly asyncMap in gTP /home/anam/.npm/expressjs-static-boilerplate/0.0.1/___package.npm/package/fonts/glyphicons-halflings-regular.woff
silly asyncMap in gTP /home/anam/.npm/expressjs-static-boilerplate/0.0.1/___package.npm/package/fonts/glyphicons-halflings-regular.woff2
silly asyncMap in gTP /home/anam/.npm/expressjs-static-boilerplate/0.0.1/___package.npm/package/fonts/glyphicons-halflings-regular.svg
silly asyncMap in gTP /home/anam/.npm/expressjs-static-boilerplate/0.0.1/___package.npm/package/fonts/glyphicons-halflings-regular.eot
silly asyncMap in gTP /home/anam/.npm/expressjs-static-boilerplate/0.0.1/___package.npm/package/fonts/glyphicons-halflings-regular.ttf
silly asyncMap in gTP /home/anam/.npm/expressjs-static-boilerplate/0.0.1/___package.npm/package/less
silly asyncMap in gTP /home/anam/.npm/expressjs-static-boilerplate/0.0.1/___package.npm/package/less/variables.less
silly asyncMap in gTP /home/anam/.npm/expressjs-static-boilerplate/0.0.1/___package.npm/package/less/mixins.less
silly asyncMap in gTP /home/anam/.npm/expressjs-static-boilerplate/0.0.1/___package.npm/package/less/freelancer.less
silly asyncMap in gTP /home/anam/.npm/expressjs-static-boilerplate/0.0.1/___package.npm/package/views
silly asyncMap in gTP /home/anam/.npm/expressjs-static-boilerplate/0.0.1/___package.npm/package/views/index.html
silly asyncMap in gTP /home/anam/.npm/expressjs-static-boilerplate/0.0.1/___package.npm/package/font-awesome
silly asyncMap in gTP /home/anam/.npm/expressjs-static-boilerplate/0.0.1/___package.npm/package/font-awesome/css
silly asyncMap in gTP /home/anam/.npm/expressjs-static-boilerplate/0.0.1/___package.npm/package/font-awesome/css/font-awesome.css
silly asyncMap in gTP /home/anam/.npm/expressjs-static-boilerplate/0.0.1/___package.npm/package/font-awesome/css/font-awesome.min.css
silly asyncMap in gTP /home/anam/.npm/expressjs-static-boilerplate/0.0.1/___package.npm/package/font-awesome/scss
silly asyncMap in gTP /home/anam/.npm/expressjs-static-boilerplate/0.0.1/___package.npm/package/font-awesome/scss/_mixins.scss
silly asyncMap in gTP /home/anam/.npm/expressjs-static-boilerplate/0.0.1/___package.npm/package/font-awesome/scss/_core.scss
silly asyncMap in gTP /home/anam/.npm/expressjs-static-boilerplate/0.0.1/___package.npm/package/font-awesome/scss/_rotated-flipped.scss
silly asyncMap in gTP /home/anam/.npm/expressjs-static-boilerplate/0.0.1/___package.npm/package/font-awesome/scss/font-awesome.scss
silly asyncMap in gTP /home/anam/.npm/expressjs-static-boilerplate/0.0.1/___package.npm/package/font-awesome/scss/_stacked.scss
silly asyncMap in gTP /home/anam/.npm/expressjs-static-boilerplate/0.0.1/___package.npm/package/font-awesome/scss/_bordered-pulled.scss
silly asyncMap in gTP /home/anam/.npm/expressjs-static-boilerplate/0.0.1/___package.npm/package/font-awesome/scss/_spinning.scss
silly asyncMap in gTP /home/anam/.npm/expressjs-static-boilerplate/0.0.1/___package.npm/package/font-awesome/scss/_larger.scss
silly asyncMap in gTP /home/anam/.npm/expressjs-static-boilerplate/0.0.1/___package.npm/package/font-awesome/scss/_fixed-width.scss
silly asyncMap in gTP /home/anam/.npm/expressjs-static-boilerplate/0.0.1/___package.npm/package/font-awesome/scss/_path.scss
silly asyncMap in gTP /home/anam/.npm/expressjs-static-boilerplate/0.0.1/___package.npm/package/font-awesome/scss/_icons.scss
silly asyncMap in gTP /home/anam/.npm/expressjs-static-boilerplate/0.0.1/___package.npm/package/font-awesome/scss/_list.scss
silly asyncMap in gTP /home/anam/.npm/expressjs-static-boilerplate/0.0.1/___package.npm/package/font-awesome/scss/_variables.scss
silly asyncMap in gTP /home/anam/.npm/expressjs-static-boilerplate/0.0.1/___package.npm/package/font-awesome/fonts
silly asyncMap in gTP /home/anam/.npm/expressjs-static-boilerplate/0.0.1/___package.npm/package/font-awesome/fonts/fontawesome-webfont.ttf
silly asyncMap in gTP /home/anam/.npm/expressjs-static-boilerplate/0.0.1/___package.npm/package/font-awesome/fonts/FontAwesome.otf
silly asyncMap in gTP /home/anam/.npm/expressjs-static-boilerplate/0.0.1/___package.npm/package/font-awesome/fonts/fontawesome-webfont.svg
silly asyncMap in gTP /home/anam/.npm/expressjs-static-boilerplate/0.0.1/___package.npm/package/font-awesome/fonts/fontawesome-webfont.eot
silly asyncMap in gTP /home/anam/.npm/expressjs-static-boilerplate/0.0.1/___package.npm/package/font-awesome/fonts/fontawesome-webfont.woff
silly asyncMap in gTP /home/anam/.npm/expressjs-static-boilerplate/0.0.1/___package.npm/package/font-awesome/less
silly asyncMap in gTP /home/anam/.npm/expressjs-static-boilerplate/0.0.1/___package.npm/package/font-awesome/less/rotated-flipped.less
silly asyncMap in gTP /home/anam/.npm/expressjs-static-boilerplate/0.0.1/___package.npm/package/font-awesome/less/fixed-width.less
silly asyncMap in gTP /home/anam/.npm/expressjs-static-boilerplate/0.0.1/___package.npm/package/font-awesome/less/icons.less
silly asyncMap in gTP /home/anam/.npm/expressjs-static-boilerplate/0.0.1/___package.npm/package/font-awesome/less/path.less
silly asyncMap in gTP /home/anam/.npm/expressjs-static-boilerplate/0.0.1/___package.npm/package/font-awesome/less/variables.less
silly asyncMap in gTP /home/anam/.npm/expressjs-static-boilerplate/0.0.1/___package.npm/package/font-awesome/less/larger.less
silly asyncMap in gTP /home/anam/.npm/expressjs-static-boilerplate/0.0.1/___package.npm/package/font-awesome/less/bordered-pulled.less
silly asyncMap in gTP /home/anam/.npm/expressjs-static-boilerplate/0.0.1/___package.npm/package/font-awesome/less/spinning.less
silly asyncMap in gTP /home/anam/.npm/expressjs-static-boilerplate/0.0.1/___package.npm/package/font-awesome/less/font-awesome.less
silly asyncMap in gTP /home/anam/.npm/expressjs-static-boilerplate/0.0.1/___package.npm/package/font-awesome/less/mixins.less
silly asyncMap in gTP /home/anam/.npm/expressjs-static-boilerplate/0.0.1/___package.npm/package/font-awesome/less/list.less
silly asyncMap in gTP /home/anam/.npm/expressjs-static-boilerplate/0.0.1/___package.npm/package/font-awesome/less/stacked.less
silly asyncMap in gTP /home/anam/.npm/expressjs-static-boilerplate/0.0.1/___package.npm/package/font-awesome/less/core.less
silly asyncMap in gTP /home/anam/.npm/expressjs-static-boilerplate/0.0.1/___package.npm/package/img
silly asyncMap in gTP /home/anam/.npm/expressjs-static-boilerplate/0.0.1/___package.npm/package/img/profile.png
silly asyncMap in gTP /home/anam/.npm/expressjs-static-boilerplate/0.0.1/___package.npm/package/img/paper-img
silly asyncMap in gTP /home/anam/.npm/expressjs-static-boilerplate/0.0.1/___package.npm/package/img/paper-img/p-1-1.jpg
silly asyncMap in gTP /home/anam/.npm/expressjs-static-boilerplate/0.0.1/___package.npm/package/img/paper-img/p-2-1.jpg
silly asyncMap in gTP /home/anam/.npm/expressjs-static-boilerplate/0.0.1/___package.npm/package/img/paper-img/p-4-1.jpg
silly asyncMap in gTP /home/anam/.npm/expressjs-static-boilerplate/0.0.1/___package.npm/package/img/paper-img/p-3-1.jpg
silly asyncMap in gTP /home/anam/.npm/expressjs-static-boilerplate/0.0.1/___package.npm/package/img/paper-img/p-5-1.jpg
silly asyncMap in gTP /home/anam/.npm/expressjs-static-boilerplate/0.0.1/___package.npm/package/img/paper-img/p-7-1.jpg
silly asyncMap in gTP /home/anam/.npm/expressjs-static-boilerplate/0.0.1/___package.npm/package/img/portfolio
silly asyncMap in gTP /home/anam/.npm/expressjs-static-boilerplate/0.0.1/___package.npm/package/img/portfolio/safe.png
silly asyncMap in gTP /home/anam/.npm/expressjs-static-boilerplate/0.0.1/___package.npm/package/img/portfolio/circus.png
silly asyncMap in gTP /home/anam/.npm/expressjs-static-boilerplate/0.0.1/___package.npm/package/img/portfolio/game.png
silly asyncMap in gTP /home/anam/.npm/expressjs-static-boilerplate/0.0.1/___package.npm/package/img/portfolio/submarine.png
silly asyncMap in gTP /home/anam/.npm/expressjs-static-boilerplate/0.0.1/___package.npm/package/img/portfolio/cabin.png
silly asyncMap in gTP /home/anam/.npm/expressjs-static-boilerplate/0.0.1/___package.npm/package/img/portfolio/cake.png
silly asyncMap in gTP /home/anam/.npm/expressjs-static-boilerplate/0.0.1/___package.npm/package/public
silly asyncMap in gTP /home/anam/.npm/expressjs-static-boilerplate/0.0.1/___package.npm/package/public/stylesheets
silly asyncMap in gTP /home/anam/.npm/expressjs-static-boilerplate/0.0.1/___package.npm/package/public/stylesheets/app.min.css
silly asyncMap in gTP /home/anam/.npm/expressjs-static-boilerplate/0.0.1/___package.npm/package/public/stylesheets/normalize.min.css
silly asyncMap in gTP /home/anam/.npm/expressjs-static-boilerplate/0.0.1/___package.npm/package/public/stylesheets/app.css
silly asyncMap in gTP /home/anam/.npm/expressjs-static-boilerplate/0.0.1/___package.npm/package/public/javascripts
silly asyncMap in gTP /home/anam/.npm/expressjs-static-boilerplate/0.0.1/___package.npm/package/public/javascripts/app.js
silly asyncMap in gTP /home/anam/.npm/expressjs-static-boilerplate/0.0.1/___package.npm/package/public/javascripts/app.min.js
verbose gunzed /home/anam/.npm/expressjs-static-boilerplate/0.0.1/___package.npm/package
verbose rm'ed /home/anam/.npm/expressjs-static-boilerplate/0.0.1/package
verbose renamed [ '/home/anam/.npm/expressjs-static-boilerplate/0.0.1/___package.npm/package',
verbose renamed   '/home/anam/.npm/expressjs-static-boilerplate/0.0.1/package' ]
verbose caching /home/anam/.npm/expressjs-static-boilerplate/0.0.1/package/package.json
verbose loadDefaults expressjs-static-boilerplate@0.0.1
silly updated sha bytes 40960
silly updated sha bytes 40960
silly updated sha bytes 40960
silly updated sha bytes 40960
silly updated sha bytes 40960
silly updated sha bytes 40960
silly updated sha bytes 40960
silly updated sha bytes 40960
silly updated sha bytes 40960
silly updated sha bytes 40960
silly updated sha bytes 40960
silly updated sha bytes 40960
silly updated sha bytes 40960
silly updated sha bytes 40960
silly updated sha bytes 40960
silly updated sha bytes 40960
silly updated sha bytes 40960
silly updated sha bytes 40960
silly updated sha bytes 40960
silly updated sha bytes 40960
silly updated sha bytes 40960
silly updated sha bytes 40960
silly updated sha bytes 40960
silly updated sha bytes 40960
silly updated sha bytes 40960
silly updated sha bytes 40960
silly updated sha bytes 40960
silly updated sha bytes 40960
silly updated sha bytes 40960
silly updated sha bytes 40960
silly updated sha bytes 40960
silly updated sha bytes 40960
silly updated sha bytes 40960
silly updated sha bytes 40960
silly updated sha bytes 40960
silly updated sha bytes 40960
silly updated sha bytes 40960
silly updated sha bytes 40960
silly updated sha bytes 40960
silly updated sha bytes 40960
silly updated sha bytes 40960
silly updated sha bytes 40960
silly updated sha bytes 40960
silly updated sha bytes 40960
silly updated sha bytes 40960
silly updated sha bytes 40960
silly updated sha bytes 40960
silly updated sha bytes 40960
silly updated sha bytes 40960
silly updated sha bytes 40960
silly updated sha bytes 40960
silly updated sha bytes 40960
silly updated sha bytes 40960
silly updated sha bytes 40960
silly updated sha bytes 40960
silly updated sha bytes 40960
silly updated sha bytes 40960
silly updated sha bytes 40960
silly updated sha bytes 40960
silly updated sha bytes 40960
silly updated sha bytes 40960
silly updated sha bytes 40960
silly updated sha bytes 40960
silly updated sha bytes 40960
silly updated sha bytes 40960
silly updated sha bytes 40960
silly updated sha bytes 40960
silly updated sha bytes 40960
silly updated sha bytes 40960
silly updated sha bytes 40960
silly updated sha bytes 40960
silly updated sha bytes 40960
silly updated sha bytes 40960
silly updated sha bytes 40960
silly updated sha bytes 40960
silly updated sha bytes 40960
silly updated sha bytes 40960
silly updated sha bytes 40960
silly updated sha bytes 40960
silly updated sha bytes 40960
silly updated sha bytes 40960
silly updated sha bytes 40960
silly updated sha bytes 40960
silly updated sha bytes 40960
silly updated sha bytes 40960
silly updated sha bytes 40960
silly updated sha bytes 40960
silly updated sha bytes 40960
silly updated sha bytes 40960
silly updated sha bytes 40960
silly updated sha bytes 40960
silly updated sha bytes 40960
silly updated sha bytes 40960
silly updated sha bytes 40960
silly updated sha bytes 40960
silly updated sha bytes 40960
silly updated sha bytes 40960
silly updated sha bytes 40960
silly updated sha bytes 40960
silly updated sha bytes 40960
silly updated sha bytes 40960
silly updated sha bytes 40960
silly updated sha bytes 40960
silly updated sha bytes 40960
silly updated sha bytes 40960
silly updated sha bytes 40960
silly updated sha bytes 40960
silly updated sha bytes 40960
silly updated sha bytes 40960
silly updated sha bytes 40960
silly updated sha bytes 40960
silly updated sha bytes 40960
silly updated sha bytes 40960
silly updated sha bytes 40960
silly updated sha bytes 40960
silly updated sha bytes 40960
silly updated sha bytes 40960
silly updated sha bytes 40960
silly updated sha bytes 40960
silly updated sha bytes 40960
silly updated sha bytes 40960
silly updated sha bytes 40960
silly updated sha bytes 40960
silly updated sha bytes 40960
silly updated sha bytes 40960
silly updated sha bytes 40960
silly updated sha bytes 40960
silly updated sha bytes 40960
silly updated sha bytes 40960
silly updated sha bytes 40960
silly updated sha bytes 40960
silly updated sha bytes 40960
silly updated sha bytes 40960
silly updated sha bytes 40960
silly updated sha bytes 40960
silly updated sha bytes 40960
silly updated sha bytes 40960
silly updated sha bytes 40960
silly updated sha bytes 40960
silly updated sha bytes 40960
silly updated sha bytes 40960
silly updated sha bytes 40960
silly updated sha bytes 40960
silly updated sha bytes 40960
silly updated sha bytes 40960
silly updated sha bytes 40960
silly updated sha bytes 40960
silly updated sha bytes 40960
silly updated sha bytes 40960
silly updated sha bytes 40960
silly updated sha bytes 40960
silly updated sha bytes 40960
silly updated sha bytes 40960
silly updated sha bytes 40960
silly updated sha bytes 40960
silly updated sha bytes 40960
silly updated sha bytes 40960
silly updated sha bytes 40960
silly updated sha bytes 40960
silly updated sha bytes 40960
silly updated sha bytes 40960
silly updated sha bytes 40960
silly updated sha bytes 40960
silly updated sha bytes 40960
silly updated sha bytes 40960
silly updated sha bytes 40960
silly updated sha bytes 40960
silly updated sha bytes 40960
silly updated sha bytes 40960
silly updated sha bytes 40960
silly updated sha bytes 40960
silly updated sha bytes 40960
silly updated sha bytes 40960
silly updated sha bytes 40960
silly updated sha bytes 40960
silly updated sha bytes 40960
silly updated sha bytes 40960
silly updated sha bytes 40960
silly updated sha bytes 40960
silly updated sha bytes 18098
info shasum 170de7343f1328ef540f9c034ec97ef28b640510
info shasum /home/anam/.npm/expressjs-static-boilerplate/0.0.1/package.tgz
verbose from cache /home/anam/.npm/expressjs-static-boilerplate/0.0.1/package/package.json
verbose chmod /home/anam/.npm/expressjs-static-boilerplate/0.0.1/package.tgz 644
verbose chown [ '/home/anam/.npm/expressjs-static-boilerplate/0.0.1/package.tgz',
verbose chown   1000,
verbose chown   1000 ]
silly resolved [ { name: 'expressjs-static-boilerplate',
silly resolved     version: '0.0.1',
silly resolved     private: true,
silly resolved     scripts: { start: 'node server.js' },
silly resolved     dependencies: 
silly resolved      { express: '^4.1.1',
silly resolved        morgan: '^1.0.0',
silly resolved        'body-parser': '^1.0.2',
silly resolved        'method-override': '^1.0.0' },
silly resolved     devDependencies: 
silly resolved      { grunt: '~0.4.1',
silly resolved        'grunt-contrib-uglify': '~0.2.0',
silly resolved        'grunt-contrib-cssmin': '~0.6.0',
silly resolved        'grunt-contrib-watch': '~0.4.0',
silly resolved        nodemon: '^1.0.17' },
silly resolved     _id: 'expressjs-static-boilerplate@0.0.1',
silly resolved     optionalDependencies: {},
silly resolved     engines: { node: '*' },
silly resolved     _engineSupported: true,
silly resolved     _npmVersion: '1.1.4',
silly resolved     _nodeVersion: 'v0.6.12',
silly resolved     _defaultsLoaded: true,
silly resolved     dist: { shasum: '170de7343f1328ef540f9c034ec97ef28b640510' },
silly resolved     _from: '.' } ]
info into /usr/local/lib expressjs-static-boilerplate@0.0.1
info installOne expressjs-static-boilerplate@0.0.1
verbose from cache /home/anam/.npm/expressjs-static-boilerplate/0.0.1/package/package.json
info unbuild /usr/local/lib/node_modules/expressjs-static-boilerplate
verbose mkdir (expected) error ENOENT, no such file or directory '/usr/local/lib/node_modules'
verbose mkdir (expected) error ENOENT, no such file or directory '/usr/local/lib/node_modules/___expressjs-static-boilerplate.npm'
verbose mkdir done: /usr/local/lib/node_modules/___expressjs-static-boilerplate.npm 755
verbose unpack_ uid, gid [ 65534, 1000 ]
verbose unpackTarget /usr/local/lib/node_modules/expressjs-static-boilerplate
silly gunzTarPerm modes [ '755', '644' ]
silly afterUntar ok
silly asyncMap in gTP /usr/local/lib/node_modules/___expressjs-static-boilerplate.npm/package
silly asyncMap in gTP /usr/local/lib/node_modules/___expressjs-static-boilerplate.npm/package/index.html
silly asyncMap in gTP /usr/local/lib/node_modules/___expressjs-static-boilerplate.npm/package/LICENSE
silly asyncMap in gTP /usr/local/lib/node_modules/___expressjs-static-boilerplate.npm/package/README.md
silly asyncMap in gTP /usr/local/lib/node_modules/___expressjs-static-boilerplate.npm/package/Gruntfile.js
silly asyncMap in gTP /usr/local/lib/node_modules/___expressjs-static-boilerplate.npm/package/server.js
silly asyncMap in gTP /usr/local/lib/node_modules/___expressjs-static-boilerplate.npm/package/package.json
silly asyncMap in gTP /usr/local/lib/node_modules/___expressjs-static-boilerplate.npm/package/js
silly asyncMap in gTP /usr/local/lib/node_modules/___expressjs-static-boilerplate.npm/package/js/angular.js
silly asyncMap in gTP /usr/local/lib/node_modules/___expressjs-static-boilerplate.npm/package/js/jquery.easing.min.js
silly asyncMap in gTP /usr/local/lib/node_modules/___expressjs-static-boilerplate.npm/package/js/classie.js
silly asyncMap in gTP /usr/local/lib/node_modules/___expressjs-static-boilerplate.npm/package/js/jqBootstrapValidation.js
silly asyncMap in gTP /usr/local/lib/node_modules/___expressjs-static-boilerplate.npm/package/js/cbpAnimatedHeader.js
silly asyncMap in gTP /usr/local/lib/node_modules/___expressjs-static-boilerplate.npm/package/js/jquery.js
silly asyncMap in gTP /usr/local/lib/node_modules/___expressjs-static-boilerplate.npm/package/js/freelancer.js
silly asyncMap in gTP /usr/local/lib/node_modules/___expressjs-static-boilerplate.npm/package/js/ui-bootstrap-tpls-0.12.1.js
silly asyncMap in gTP /usr/local/lib/node_modules/___expressjs-static-boilerplate.npm/package/js/contact_me.js
silly asyncMap in gTP /usr/local/lib/node_modules/___expressjs-static-boilerplate.npm/package/js/bootstrap.js
silly asyncMap in gTP /usr/local/lib/node_modules/___expressjs-static-boilerplate.npm/package/js/cbpAnimatedHeader.min.js
silly asyncMap in gTP /usr/local/lib/node_modules/___expressjs-static-boilerplate.npm/package/js/bootstrap.min.js
silly asyncMap in gTP /usr/local/lib/node_modules/___expressjs-static-boilerplate.npm/package/css
silly asyncMap in gTP /usr/local/lib/node_modules/___expressjs-static-boilerplate.npm/package/css/css_paper.css
silly asyncMap in gTP /usr/local/lib/node_modules/___expressjs-static-boilerplate.npm/package/css/css.css
silly asyncMap in gTP /usr/local/lib/node_modules/___expressjs-static-boilerplate.npm/package/css/bootstrap.min.css
silly asyncMap in gTP /usr/local/lib/node_modules/___expressjs-static-boilerplate.npm/package/css/bootstrap.css
silly asyncMap in gTP /usr/local/lib/node_modules/___expressjs-static-boilerplate.npm/package/css/freelancer.css
silly asyncMap in gTP /usr/local/lib/node_modules/___expressjs-static-boilerplate.npm/package/css/paper1-css.css
silly asyncMap in gTP /usr/local/lib/node_modules/___expressjs-static-boilerplate.npm/package/css/css-paper1.css
silly asyncMap in gTP /usr/local/lib/node_modules/___expressjs-static-boilerplate.npm/package/mail
silly asyncMap in gTP /usr/local/lib/node_modules/___expressjs-static-boilerplate.npm/package/mail/contact_me.php
silly asyncMap in gTP /usr/local/lib/node_modules/___expressjs-static-boilerplate.npm/package/fonts
silly asyncMap in gTP /usr/local/lib/node_modules/___expressjs-static-boilerplate.npm/package/fonts/glyphicons-halflings-regular.woff
silly asyncMap in gTP /usr/local/lib/node_modules/___expressjs-static-boilerplate.npm/package/fonts/glyphicons-halflings-regular.woff2
silly asyncMap in gTP /usr/local/lib/node_modules/___expressjs-static-boilerplate.npm/package/fonts/glyphicons-halflings-regular.svg
silly asyncMap in gTP /usr/local/lib/node_modules/___expressjs-static-boilerplate.npm/package/fonts/glyphicons-halflings-regular.eot
silly asyncMap in gTP /usr/local/lib/node_modules/___expressjs-static-boilerplate.npm/package/fonts/glyphicons-halflings-regular.ttf
silly asyncMap in gTP /usr/local/lib/node_modules/___expressjs-static-boilerplate.npm/package/less
silly asyncMap in gTP /usr/local/lib/node_modules/___expressjs-static-boilerplate.npm/package/less/variables.less
silly asyncMap in gTP /usr/local/lib/node_modules/___expressjs-static-boilerplate.npm/package/less/mixins.less
silly asyncMap in gTP /usr/local/lib/node_modules/___expressjs-static-boilerplate.npm/package/less/freelancer.less
silly asyncMap in gTP /usr/local/lib/node_modules/___expressjs-static-boilerplate.npm/package/views
silly asyncMap in gTP /usr/local/lib/node_modules/___expressjs-static-boilerplate.npm/package/views/index.html
silly asyncMap in gTP /usr/local/lib/node_modules/___expressjs-static-boilerplate.npm/package/font-awesome
silly asyncMap in gTP /usr/local/lib/node_modules/___expressjs-static-boilerplate.npm/package/font-awesome/css
silly asyncMap in gTP /usr/local/lib/node_modules/___expressjs-static-boilerplate.npm/package/font-awesome/css/font-awesome.css
silly asyncMap in gTP /usr/local/lib/node_modules/___expressjs-static-boilerplate.npm/package/font-awesome/css/font-awesome.min.css
silly asyncMap in gTP /usr/local/lib/node_modules/___expressjs-static-boilerplate.npm/package/font-awesome/scss
silly asyncMap in gTP /usr/local/lib/node_modules/___expressjs-static-boilerplate.npm/package/font-awesome/scss/_mixins.scss
silly asyncMap in gTP /usr/local/lib/node_modules/___expressjs-static-boilerplate.npm/package/font-awesome/scss/_core.scss
silly asyncMap in gTP /usr/local/lib/node_modules/___expressjs-static-boilerplate.npm/package/font-awesome/scss/_rotated-flipped.scss
silly asyncMap in gTP /usr/local/lib/node_modules/___expressjs-static-boilerplate.npm/package/font-awesome/scss/font-awesome.scss
silly asyncMap in gTP /usr/local/lib/node_modules/___expressjs-static-boilerplate.npm/package/font-awesome/scss/_stacked.scss
silly asyncMap in gTP /usr/local/lib/node_modules/___expressjs-static-boilerplate.npm/package/font-awesome/scss/_bordered-pulled.scss
silly asyncMap in gTP /usr/local/lib/node_modules/___expressjs-static-boilerplate.npm/package/font-awesome/scss/_spinning.scss
silly asyncMap in gTP /usr/local/lib/node_modules/___expressjs-static-boilerplate.npm/package/font-awesome/scss/_larger.scss
silly asyncMap in gTP /usr/local/lib/node_modules/___expressjs-static-boilerplate.npm/package/font-awesome/scss/_fixed-width.scss
silly asyncMap in gTP /usr/local/lib/node_modules/___expressjs-static-boilerplate.npm/package/font-awesome/scss/_path.scss
silly asyncMap in gTP /usr/local/lib/node_modules/___expressjs-static-boilerplate.npm/package/font-awesome/scss/_icons.scss
silly asyncMap in gTP /usr/local/lib/node_modules/___expressjs-static-boilerplate.npm/package/font-awesome/scss/_list.scss
silly asyncMap in gTP /usr/local/lib/node_modules/___expressjs-static-boilerplate.npm/package/font-awesome/scss/_variables.scss
silly asyncMap in gTP /usr/local/lib/node_modules/___expressjs-static-boilerplate.npm/package/font-awesome/fonts
silly asyncMap in gTP /usr/local/lib/node_modules/___expressjs-static-boilerplate.npm/package/font-awesome/fonts/fontawesome-webfont.ttf
silly asyncMap in gTP /usr/local/lib/node_modules/___expressjs-static-boilerplate.npm/package/font-awesome/fonts/FontAwesome.otf
silly asyncMap in gTP /usr/local/lib/node_modules/___expressjs-static-boilerplate.npm/package/font-awesome/fonts/fontawesome-webfont.svg
silly asyncMap in gTP /usr/local/lib/node_modules/___expressjs-static-boilerplate.npm/package/font-awesome/fonts/fontawesome-webfont.eot
silly asyncMap in gTP /usr/local/lib/node_modules/___expressjs-static-boilerplate.npm/package/font-awesome/fonts/fontawesome-webfont.woff
silly asyncMap in gTP /usr/local/lib/node_modules/___expressjs-static-boilerplate.npm/package/font-awesome/less
silly asyncMap in gTP /usr/local/lib/node_modules/___expressjs-static-boilerplate.npm/package/font-awesome/less/rotated-flipped.less
silly asyncMap in gTP /usr/local/lib/node_modules/___expressjs-static-boilerplate.npm/package/font-awesome/less/fixed-width.less
silly asyncMap in gTP /usr/local/lib/node_modules/___expressjs-static-boilerplate.npm/package/font-awesome/less/icons.less
silly asyncMap in gTP /usr/local/lib/node_modules/___expressjs-static-boilerplate.npm/package/font-awesome/less/path.less
silly asyncMap in gTP /usr/local/lib/node_modules/___expressjs-static-boilerplate.npm/package/font-awesome/less/variables.less
silly asyncMap in gTP /usr/local/lib/node_modules/___expressjs-static-boilerplate.npm/package/font-awesome/less/larger.less
silly asyncMap in gTP /usr/local/lib/node_modules/___expressjs-static-boilerplate.npm/package/font-awesome/less/bordered-pulled.less
silly asyncMap in gTP /usr/local/lib/node_modules/___expressjs-static-boilerplate.npm/package/font-awesome/less/spinning.less
silly asyncMap in gTP /usr/local/lib/node_modules/___expressjs-static-boilerplate.npm/package/font-awesome/less/font-awesome.less
silly asyncMap in gTP /usr/local/lib/node_modules/___expressjs-static-boilerplate.npm/package/font-awesome/less/mixins.less
silly asyncMap in gTP /usr/local/lib/node_modules/___expressjs-static-boilerplate.npm/package/font-awesome/less/list.less
silly asyncMap in gTP /usr/local/lib/node_modules/___expressjs-static-boilerplate.npm/package/font-awesome/less/stacked.less
silly asyncMap in gTP /usr/local/lib/node_modules/___expressjs-static-boilerplate.npm/package/font-awesome/less/core.less
silly asyncMap in gTP /usr/local/lib/node_modules/___expressjs-static-boilerplate.npm/package/img
silly asyncMap in gTP /usr/local/lib/node_modules/___expressjs-static-boilerplate.npm/package/img/profile.png
silly asyncMap in gTP /usr/local/lib/node_modules/___expressjs-static-boilerplate.npm/package/img/paper-img
silly asyncMap in gTP /usr/local/lib/node_modules/___expressjs-static-boilerplate.npm/package/img/paper-img/p-1-1.jpg
silly asyncMap in gTP /usr/local/lib/node_modules/___expressjs-static-boilerplate.npm/package/img/paper-img/p-2-1.jpg
silly asyncMap in gTP /usr/local/lib/node_modules/___expressjs-static-boilerplate.npm/package/img/paper-img/p-4-1.jpg
silly asyncMap in gTP /usr/local/lib/node_modules/___expressjs-static-boilerplate.npm/package/img/paper-img/p-3-1.jpg
silly asyncMap in gTP /usr/local/lib/node_modules/___expressjs-static-boilerplate.npm/package/img/paper-img/p-5-1.jpg
silly asyncMap in gTP /usr/local/lib/node_modules/___expressjs-static-boilerplate.npm/package/img/paper-img/p-7-1.jpg
silly asyncMap in gTP /usr/local/lib/node_modules/___expressjs-static-boilerplate.npm/package/img/portfolio
silly asyncMap in gTP /usr/local/lib/node_modules/___expressjs-static-boilerplate.npm/package/img/portfolio/safe.png
silly asyncMap in gTP /usr/local/lib/node_modules/___expressjs-static-boilerplate.npm/package/img/portfolio/circus.png
silly asyncMap in gTP /usr/local/lib/node_modules/___expressjs-static-boilerplate.npm/package/img/portfolio/game.png
silly asyncMap in gTP /usr/local/lib/node_modules/___expressjs-static-boilerplate.npm/package/img/portfolio/submarine.png
silly asyncMap in gTP /usr/local/lib/node_modules/___expressjs-static-boilerplate.npm/package/img/portfolio/cabin.png
silly asyncMap in gTP /usr/local/lib/node_modules/___expressjs-static-boilerplate.npm/package/img/portfolio/cake.png
silly asyncMap in gTP /usr/local/lib/node_modules/___expressjs-static-boilerplate.npm/package/public
silly asyncMap in gTP /usr/local/lib/node_modules/___expressjs-static-boilerplate.npm/package/public/stylesheets
silly asyncMap in gTP /usr/local/lib/node_modules/___expressjs-static-boilerplate.npm/package/public/stylesheets/app.min.css
silly asyncMap in gTP /usr/local/lib/node_modules/___expressjs-static-boilerplate.npm/package/public/stylesheets/normalize.min.css
silly asyncMap in gTP /usr/local/lib/node_modules/___expressjs-static-boilerplate.npm/package/public/stylesheets/app.css
silly asyncMap in gTP /usr/local/lib/node_modules/___expressjs-static-boilerplate.npm/package/public/javascripts
silly asyncMap in gTP /usr/local/lib/node_modules/___expressjs-static-boilerplate.npm/package/public/javascripts/app.js
silly asyncMap in gTP /usr/local/lib/node_modules/___expressjs-static-boilerplate.npm/package/public/javascripts/app.min.js
verbose gunzed /usr/local/lib/node_modules/___expressjs-static-boilerplate.npm/package
verbose rm'ed /usr/local/lib/node_modules/expressjs-static-boilerplate
verbose renamed [ '/usr/local/lib/node_modules/___expressjs-static-boilerplate.npm/package',
verbose renamed   '/usr/local/lib/node_modules/expressjs-static-boilerplate' ]
verbose caching /usr/local/lib/node_modules/expressjs-static-boilerplate/package.json
verbose loadDefaults expressjs-static-boilerplate@0.0.1
info preinstall expressjs-static-boilerplate@0.0.1
verbose from cache /usr/local/lib/node_modules/expressjs-static-boilerplate/package.json
verbose readDependencies: using package.json deps
verbose from cache /usr/local/lib/node_modules/expressjs-static-boilerplate/package.json
verbose readDependencies: using package.json deps
verbose cache add [ 'express@^4.1.1', null ]
silly cache add: name, spec, args [ undefined, 'express@^4.1.1', [ 'express@^4.1.1', null ] ]
verbose parsed url { pathname: 'express@^4.1.1',
verbose parsed url   path: 'express@^4.1.1',
verbose parsed url   href: 'express@^4.1.1' }
silly cache add: name, spec, args [ 'express', '^4.1.1', [ 'express', '^4.1.1' ] ]
verbose parsed url { pathname: '^4.1.1', path: '^4.1.1', href: '^4.1.1' }
verbose addNamed [ 'express', '^4.1.1' ]
verbose addNamed [ null, null ]
info addNameTag [ 'express', '^4.1.1' ]
verbose raw, before any munging express
verbose url resolving [ 'https://registry.npmjs.org/', './express' ]
verbose url resolved https://registry.npmjs.org/express
http GET https://registry.npmjs.org/express
verbose cache add [ 'morgan@^1.0.0', null ]
silly cache add: name, spec, args [ undefined, 'morgan@^1.0.0', [ 'morgan@^1.0.0', null ] ]
verbose parsed url { pathname: 'morgan@^1.0.0',
verbose parsed url   path: 'morgan@^1.0.0',
verbose parsed url   href: 'morgan@^1.0.0' }
silly cache add: name, spec, args [ 'morgan', '^1.0.0', [ 'morgan', '^1.0.0' ] ]
verbose parsed url { pathname: '^1.0.0', path: '^1.0.0', href: '^1.0.0' }
verbose addNamed [ 'morgan', '^1.0.0' ]
verbose addNamed [ null, null ]
info addNameTag [ 'morgan', '^1.0.0' ]
verbose cache add [ 'body-parser@^1.0.2', null ]
silly cache add: name, spec, args [ undefined,
silly cache add: name, spec, args   'body-parser@^1.0.2',
silly cache add: name, spec, args   [ 'body-parser@^1.0.2', null ] ]
verbose parsed url { pathname: 'body-parser@^1.0.2',
verbose parsed url   path: 'body-parser@^1.0.2',
verbose parsed url   href: 'body-parser@^1.0.2' }
silly cache add: name, spec, args [ 'body-parser', '^1.0.2', [ 'body-parser', '^1.0.2' ] ]
verbose parsed url { pathname: '^1.0.2', path: '^1.0.2', href: '^1.0.2' }
verbose addNamed [ 'body-parser', '^1.0.2' ]
verbose addNamed [ null, null ]
info addNameTag [ 'body-parser', '^1.0.2' ]
verbose cache add [ 'method-override@^1.0.0', null ]
silly cache add: name, spec, args [ undefined,
silly cache add: name, spec, args   'method-override@^1.0.0',
silly cache add: name, spec, args   [ 'method-override@^1.0.0', null ] ]
verbose parsed url { pathname: 'method-override@^1.0.0',
verbose parsed url   path: 'method-override@^1.0.0',
verbose parsed url   href: 'method-override@^1.0.0' }
silly cache add: name, spec, args [ 'method-override', '^1.0.0', [ 'method-override', '^1.0.0' ] ]
verbose parsed url { pathname: '^1.0.0', path: '^1.0.0', href: '^1.0.0' }
verbose addNamed [ 'method-override', '^1.0.0' ]
verbose addNamed [ null, null ]
info addNameTag [ 'method-override', '^1.0.0' ]
verbose raw, before any munging morgan
verbose url resolving [ 'https://registry.npmjs.org/', './morgan' ]
verbose url resolved https://registry.npmjs.org/morgan
http GET https://registry.npmjs.org/morgan
verbose raw, before any munging body-parser
verbose url resolving [ 'https://registry.npmjs.org/', './body-parser' ]
verbose url resolved https://registry.npmjs.org/body-parser
http GET https://registry.npmjs.org/body-parser
verbose raw, before any munging method-override
verbose url resolving [ 'https://registry.npmjs.org/', './method-override' ]
verbose url resolved https://registry.npmjs.org/method-override
http GET https://registry.npmjs.org/method-override
verbose about to build /usr/local/lib/node_modules/expressjs-static-boilerplate
ERR! error installing expressjs-static-boilerplate@0.0.1
info unbuild /usr/local/lib/node_modules/expressjs-static-boilerplate
verbose from cache /usr/local/lib/node_modules/expressjs-static-boilerplate/package.json
info preuninstall expressjs-static-boilerplate@0.0.1
info uninstall expressjs-static-boilerplate@0.0.1
verbose unbuild expressjs-static-boilerplate@0.0.1 [ true,
verbose unbuild expressjs-static-boilerplate@0.0.1   '/usr/local/lib/node_modules',
verbose unbuild expressjs-static-boilerplate@0.0.1   '/usr/local/lib/node_modules' ]
info postuninstall expressjs-static-boilerplate@0.0.1
verbose installOne cb expressjs-static-boilerplate@0.0.1
ERR! Error: failed to fetch from registry: method-override
ERR!     at /usr/share/npm/lib/utils/npm-registry-client/get.js:139:12
ERR!     at cb (/usr/share/npm/lib/utils/npm-registry-client/request.js:31:9)
ERR!     at Request._callback (/usr/share/npm/lib/utils/npm-registry-client/request.js:136:18)
ERR!     at Request.callback (/usr/lib/nodejs/request/main.js:119:22)
ERR!     at Request.<anonymous> (/usr/lib/nodejs/request/main.js:212:58)
ERR!     at Request.emit (events.js:88:20)
ERR!     at ClientRequest.<anonymous> (/usr/lib/nodejs/request/main.js:412:12)
ERR!     at ClientRequest.emit (events.js:67:17)
ERR!     at HTTPParser.onIncoming (http.js:1261:11)
ERR!     at HTTPParser.onHeadersComplete (http.js:102:31)
ERR! You may report this log at:
ERR!     <http://bugs.debian.org/npm>
ERR! or use
ERR!     reportbug --attach /home/anam/Documents/subah sham/npm-debug.log npm
ERR! 
ERR! System Linux 3.8.0-29-generic
ERR! command "node" "/usr/bin/npm" "install" "-g"
ERR! cwd /home/anam/Documents/subah sham
ERR! node -v v0.6.12
ERR! npm -v 1.1.4
ERR! message failed to fetch from registry: method-override
verbose exit [ 1, true ]
